2025-03-12T19:40:23.082+05:00  INFO [main] 49188 --- [recipe] [main] com.college.receipt.RecipeCreationTest   : Starting RecipeCreationTest using Java 23.0.1 with PID 49188 (started by Антон in C:\Users\Anton\Documents\GitHub\diplom\receipt\receipt)
2025-03-12T19:40:23.098+05:00  INFO [main] 49188 --- [recipe] [main] com.college.receipt.RecipeCreationTest   : No active profile set, falling back to 1 default profile: "default"
2025-03-12T19:40:24.571+05:00  INFO [main] 49188 --- [recipe] [main] .s.d.r.c.RepositoryConfigurationDelegate : Multiple Spring Data modules found, entering strict repository configuration mode
2025-03-12T19:40:24.571+05:00  INFO [main] 49188 --- [recipe] [main] .s.d.r.c.RepositoryConfigurationDelegate : Bootstrapping Spring Data JPA repositories in DEFAULT mode.
2025-03-12T19:40:24.779+05:00  INFO [main] 49188 --- [recipe] [main] .s.d.r.c.RepositoryConfigurationDelegate : Finished Spring Data repository scanning in 190 ms. Found 6 JPA repository interfaces.
2025-03-12T19:40:24.826+05:00  INFO [main] 49188 --- [recipe] [main] .s.d.r.c.RepositoryConfigurationDelegate : Multiple Spring Data modules found, entering strict repository configuration mode
2025-03-12T19:40:24.826+05:00  INFO [main] 49188 --- [recipe] [main] .s.d.r.c.RepositoryConfigurationDelegate : Bootstrapping Spring Data Redis repositories in DEFAULT mode.
2025-03-12T19:40:24.858+05:00  INFO [main] 49188 --- [recipe] [main] .RepositoryConfigurationExtensionSupport : Spring Data Redis - Could not safely identify store assignment for repository candidate interface com.college.receipt.repositories.IngredientRepository; If you want this repository to be a Redis repository, consider annotating your entities with one of these annotations: org.springframework.data.redis.core.RedisHash (preferred), or consider extending one of the following types with your repository: org.springframework.data.keyvalue.repository.KeyValueRepository
2025-03-12T19:40:24.858+05:00  INFO [main] 49188 --- [recipe] [main] .RepositoryConfigurationExtensionSupport : Spring Data Redis - Could not safely identify store assignment for repository candidate interface com.college.receipt.repositories.RecipeRepository; If you want this repository to be a Redis repository, consider annotating your entities with one of these annotations: org.springframework.data.redis.core.RedisHash (preferred), or consider extending one of the following types with your repository: org.springframework.data.keyvalue.repository.KeyValueRepository
2025-03-12T19:40:24.859+05:00  INFO [main] 49188 --- [recipe] [main] .RepositoryConfigurationExtensionSupport : Spring Data Redis - Could not safely identify store assignment for repository candidate interface com.college.receipt.repositories.RoleRepository; If you want this repository to be a Redis repository, consider annotating your entities with one of these annotations: org.springframework.data.redis.core.RedisHash (preferred), or consider extending one of the following types with your repository: org.springframework.data.keyvalue.repository.KeyValueRepository
2025-03-12T19:40:24.860+05:00  INFO [main] 49188 --- [recipe] [main] .RepositoryConfigurationExtensionSupport : Spring Data Redis - Could not safely identify store assignment for repository candidate interface com.college.receipt.repositories.StepRepository; If you want this repository to be a Redis repository, consider annotating your entities with one of these annotations: org.springframework.data.redis.core.RedisHash (preferred), or consider extending one of the following types with your repository: org.springframework.data.keyvalue.repository.KeyValueRepository
2025-03-12T19:40:24.861+05:00  INFO [main] 49188 --- [recipe] [main] .RepositoryConfigurationExtensionSupport : Spring Data Redis - Could not safely identify store assignment for repository candidate interface com.college.receipt.repositories.UploadedFileRepository; If you want this repository to be a Redis repository, consider annotating your entities with one of these annotations: org.springframework.data.redis.core.RedisHash (preferred), or consider extending one of the following types with your repository: org.springframework.data.keyvalue.repository.KeyValueRepository
2025-03-12T19:40:24.861+05:00  INFO [main] 49188 --- [recipe] [main] .RepositoryConfigurationExtensionSupport : Spring Data Redis - Could not safely identify store assignment for repository candidate interface com.college.receipt.repositories.UserRepository; If you want this repository to be a Redis repository, consider annotating your entities with one of these annotations: org.springframework.data.redis.core.RedisHash (preferred), or consider extending one of the following types with your repository: org.springframework.data.keyvalue.repository.KeyValueRepository
2025-03-12T19:40:24.861+05:00  INFO [main] 49188 --- [recipe] [main] .s.d.r.c.RepositoryConfigurationDelegate : Finished Spring Data repository scanning in 14 ms. Found 0 Redis repository interfaces.
2025-03-12T19:40:28.751+05:00  INFO [main] 49188 --- [recipe] [main] o.hibernate.jpa.internal.util.LogHelper  : HHH000204: Processing PersistenceUnitInfo [name: default]
2025-03-12T19:40:28.981+05:00  INFO [main] 49188 --- [recipe] [main] org.hibernate.Version                    : HHH000412: Hibernate ORM core version 6.5.3.Final
2025-03-12T19:40:29.036+05:00  INFO [main] 49188 --- [recipe] [main] o.h.c.internal.RegionFactoryInitiator    : HHH000026: Second-level cache disabled
2025-03-12T19:40:29.385+05:00  INFO [main] 49188 --- [recipe] [main] o.s.o.j.p.SpringPersistenceUnitInfo      : No LoadTimeWeaver setup: ignoring JPA class transformer
2025-03-12T19:40:29.543+05:00  INFO [main] 49188 --- [recipe] [main] com.zaxxer.hikari.HikariDataSource       : HikariPool-1 - Starting...
2025-03-12T19:40:30.066+05:00  INFO [main] 49188 --- [recipe] [main] com.zaxxer.hikari.pool.HikariPool        : HikariPool-1 - Added connection org.postgresql.jdbc.PgConnection@17dbca0a
2025-03-12T19:40:30.066+05:00  INFO [main] 49188 --- [recipe] [main] com.zaxxer.hikari.HikariDataSource       : HikariPool-1 - Start completed.
2025-03-12T19:40:30.130+05:00  WARN [main] 49188 --- [recipe] [main] org.hibernate.orm.deprecation            : HHH90000025: PostgreSQLDialect does not need to be specified explicitly using 'hibernate.dialect' (remove the property setting and it will be selected by default)
2025-03-12T19:40:31.935+05:00  INFO [main] 49188 --- [recipe] [main] o.h.e.t.j.p.i.JtaPlatformInitiator       : HHH000489: No JTA platform available (set 'hibernate.transaction.jta.platform' to enable JTA platform integration)
2025-03-12T19:40:32.158+05:00  INFO [main] 49188 --- [recipe] [main] j.LocalContainerEntityManagerFactoryBean : Initialized JPA EntityManagerFactory for persistence unit 'default'
2025-03-12T19:40:33.502+05:00  INFO [main] 49188 --- [recipe] [main] eAuthenticationProviderManagerConfigurer : Global AuthenticationManager configured with AuthenticationProvider bean with name daoAuthenticationProvider
2025-03-12T19:40:33.502+05:00  WARN [main] 49188 --- [recipe] [main] r$InitializeUserDetailsManagerConfigurer : Global AuthenticationManager configured with an AuthenticationProvider bean. UserDetailsService beans will not be used for username/password login. Consider removing the AuthenticationProvider bean. Alternatively, consider using the UserDetailsService in a manually instantiated DaoAuthenticationProvider.
2025-03-12T19:40:33.534+05:00  WARN [main] 49188 --- [recipe] [main] JpaBaseConfiguration$JpaWebConfiguration : spring.jpa.open-in-view is enabled by default. Therefore, database queries may be performed during view rendering. Explicitly configure spring.jpa.open-in-view to disable this warning
2025-03-12T19:40:35.596+05:00  INFO [main] 49188 --- [recipe] [main] com.college.receipt.RecipeCreationTest   : Started RecipeCreationTest in 13.15 seconds (process running for 14.743)
2025-03-12T19:40:36.180+05:00  INFO [main] 49188 --- [recipe] [main] c.c.r.controllers.RecipeController       : Началась обработка рецепта:Тестовый рецепт
2025-03-12T19:40:36.181+05:00  INFO [main] 49188 --- [recipe] [main] c.c.r.controllers.RecipeController       : Сохранён ингредиент Яйца количеством 3
2025-03-12T19:40:36.181+05:00  INFO [main] 49188 --- [recipe] [main] c.c.r.controllers.RecipeController       : Сохранён ингредиент Масло количеством 400
2025-03-12T19:40:36.191+05:00  INFO [main] 49188 --- [recipe] [main] c.c.r.controllers.RecipeController       : Фото блюда photoFood.jpg успешно сохранено
2025-03-12T19:40:36.191+05:00  INFO [main] 49188 --- [recipe] [main] c.c.r.controllers.RecipeController       : Получено photoFood: photoFood.jpg
2025-03-12T19:40:36.191+05:00  INFO [main] 49188 --- [recipe] [main] c.c.r.controllers.RecipeController       : Фото шага 1 успешно сохранено: stepPhoto1.jpg
2025-03-12T19:40:36.191+05:00  INFO [main] 49188 --- [recipe] [main] c.c.r.controllers.RecipeController       : Шаг 1 успешно сохранён: Нагреть сковороду
2025-03-12T19:40:36.191+05:00  INFO [main] 49188 --- [recipe] [main] c.c.r.controllers.RecipeController       : Фото шага 2 успешно сохранено: stepPhoto2.jpg
2025-03-12T19:40:36.191+05:00  INFO [main] 49188 --- [recipe] [main] c.c.r.controllers.RecipeController       : Шаг 2 успешно сохранён: Добавить масло
2025-03-12T19:40:36.191+05:00  INFO [main] 49188 --- [recipe] [main] c.c.r.controllers.RecipeController       : Рецепт Тестовый рецепт пользователя Anton@gmail.com успешно сохранён!
2025-03-12T19:40:36.294+05:00  INFO [SpringApplicationShutdownHook] 49188 --- [recipe] [SpringApplicationShutdownHook] j.LocalContainerEntityManagerFactoryBean : Closing JPA EntityManagerFactory for persistence unit 'default'
2025-03-12T19:40:36.310+05:00  INFO [SpringApplicationShutdownHook] 49188 --- [recipe] [SpringApplicationShutdownHook] com.zaxxer.hikari.HikariDataSource       : HikariPool-1 - Shutdown initiated...
2025-03-12T19:40:36.320+05:00  INFO [SpringApplicationShutdownHook] 49188 --- [recipe] [SpringApplicationShutdownHook] com.zaxxer.hikari.HikariDataSource       : HikariPool-1 - Shutdown completed.
2025-03-12T19:42:44.359+05:00  INFO [main] 21844 --- [recipe] [main] com.college.receipt.RecipeCreationTest   : Starting RecipeCreationTest using Java 23.0.1 with PID 21844 (started by Антон in C:\Users\Anton\Documents\GitHub\diplom\receipt\receipt)
2025-03-12T19:42:44.361+05:00  INFO [main] 21844 --- [recipe] [main] com.college.receipt.RecipeCreationTest   : No active profile set, falling back to 1 default profile: "default"
2025-03-12T19:42:46.082+05:00  INFO [main] 21844 --- [recipe] [main] .s.d.r.c.RepositoryConfigurationDelegate : Multiple Spring Data modules found, entering strict repository configuration mode
2025-03-12T19:42:46.082+05:00  INFO [main] 21844 --- [recipe] [main] .s.d.r.c.RepositoryConfigurationDelegate : Bootstrapping Spring Data JPA repositories in DEFAULT mode.
2025-03-12T19:42:46.248+05:00  INFO [main] 21844 --- [recipe] [main] .s.d.r.c.RepositoryConfigurationDelegate : Finished Spring Data repository scanning in 156 ms. Found 6 JPA repository interfaces.
2025-03-12T19:42:46.287+05:00  INFO [main] 21844 --- [recipe] [main] .s.d.r.c.RepositoryConfigurationDelegate : Multiple Spring Data modules found, entering strict repository configuration mode
2025-03-12T19:42:46.287+05:00  INFO [main] 21844 --- [recipe] [main] .s.d.r.c.RepositoryConfigurationDelegate : Bootstrapping Spring Data Redis repositories in DEFAULT mode.
2025-03-12T19:42:46.315+05:00  INFO [main] 21844 --- [recipe] [main] .RepositoryConfigurationExtensionSupport : Spring Data Redis - Could not safely identify store assignment for repository candidate interface com.college.receipt.repositories.IngredientRepository; If you want this repository to be a Redis repository, consider annotating your entities with one of these annotations: org.springframework.data.redis.core.RedisHash (preferred), or consider extending one of the following types with your repository: org.springframework.data.keyvalue.repository.KeyValueRepository
2025-03-12T19:42:46.315+05:00  INFO [main] 21844 --- [recipe] [main] .RepositoryConfigurationExtensionSupport : Spring Data Redis - Could not safely identify store assignment for repository candidate interface com.college.receipt.repositories.RecipeRepository; If you want this repository to be a Redis repository, consider annotating your entities with one of these annotations: org.springframework.data.redis.core.RedisHash (preferred), or consider extending one of the following types with your repository: org.springframework.data.keyvalue.repository.KeyValueRepository
2025-03-12T19:42:46.315+05:00  INFO [main] 21844 --- [recipe] [main] .RepositoryConfigurationExtensionSupport : Spring Data Redis - Could not safely identify store assignment for repository candidate interface com.college.receipt.repositories.RoleRepository; If you want this repository to be a Redis repository, consider annotating your entities with one of these annotations: org.springframework.data.redis.core.RedisHash (preferred), or consider extending one of the following types with your repository: org.springframework.data.keyvalue.repository.KeyValueRepository
2025-03-12T19:42:46.318+05:00  INFO [main] 21844 --- [recipe] [main] .RepositoryConfigurationExtensionSupport : Spring Data Redis - Could not safely identify store assignment for repository candidate interface com.college.receipt.repositories.StepRepository; If you want this repository to be a Redis repository, consider annotating your entities with one of these annotations: org.springframework.data.redis.core.RedisHash (preferred), or consider extending one of the following types with your repository: org.springframework.data.keyvalue.repository.KeyValueRepository
2025-03-12T19:42:46.318+05:00  INFO [main] 21844 --- [recipe] [main] .RepositoryConfigurationExtensionSupport : Spring Data Redis - Could not safely identify store assignment for repository candidate interface com.college.receipt.repositories.UploadedFileRepository; If you want this repository to be a Redis repository, consider annotating your entities with one of these annotations: org.springframework.data.redis.core.RedisHash (preferred), or consider extending one of the following types with your repository: org.springframework.data.keyvalue.repository.KeyValueRepository
2025-03-12T19:42:46.318+05:00  INFO [main] 21844 --- [recipe] [main] .RepositoryConfigurationExtensionSupport : Spring Data Redis - Could not safely identify store assignment for repository candidate interface com.college.receipt.repositories.UserRepository; If you want this repository to be a Redis repository, consider annotating your entities with one of these annotations: org.springframework.data.redis.core.RedisHash (preferred), or consider extending one of the following types with your repository: org.springframework.data.keyvalue.repository.KeyValueRepository
2025-03-12T19:42:46.318+05:00  INFO [main] 21844 --- [recipe] [main] .s.d.r.c.RepositoryConfigurationDelegate : Finished Spring Data repository scanning in 15 ms. Found 0 Redis repository interfaces.
2025-03-12T19:42:49.812+05:00  INFO [main] 21844 --- [recipe] [main] o.hibernate.jpa.internal.util.LogHelper  : HHH000204: Processing PersistenceUnitInfo [name: default]
2025-03-12T19:42:50.002+05:00  INFO [main] 21844 --- [recipe] [main] org.hibernate.Version                    : HHH000412: Hibernate ORM core version 6.5.3.Final
2025-03-12T19:42:50.098+05:00  INFO [main] 21844 --- [recipe] [main] o.h.c.internal.RegionFactoryInitiator    : HHH000026: Second-level cache disabled
2025-03-12T19:42:50.313+05:00  INFO [main] 21844 --- [recipe] [main] o.s.o.j.p.SpringPersistenceUnitInfo      : No LoadTimeWeaver setup: ignoring JPA class transformer
2025-03-12T19:42:50.350+05:00  INFO [main] 21844 --- [recipe] [main] com.zaxxer.hikari.HikariDataSource       : HikariPool-1 - Starting...
2025-03-12T19:42:50.750+05:00  INFO [main] 21844 --- [recipe] [main] com.zaxxer.hikari.pool.HikariPool        : HikariPool-1 - Added connection org.postgresql.jdbc.PgConnection@57e57dc5
2025-03-12T19:42:50.764+05:00  INFO [main] 21844 --- [recipe] [main] com.zaxxer.hikari.HikariDataSource       : HikariPool-1 - Start completed.
2025-03-12T19:42:50.859+05:00  WARN [main] 21844 --- [recipe] [main] org.hibernate.orm.deprecation            : HHH90000025: PostgreSQLDialect does not need to be specified explicitly using 'hibernate.dialect' (remove the property setting and it will be selected by default)
2025-03-12T19:42:52.451+05:00  INFO [main] 21844 --- [recipe] [main] o.h.e.t.j.p.i.JtaPlatformInitiator       : HHH000489: No JTA platform available (set 'hibernate.transaction.jta.platform' to enable JTA platform integration)
2025-03-12T19:42:52.608+05:00  INFO [main] 21844 --- [recipe] [main] j.LocalContainerEntityManagerFactoryBean : Initialized JPA EntityManagerFactory for persistence unit 'default'
2025-03-12T19:42:53.734+05:00  INFO [main] 21844 --- [recipe] [main] eAuthenticationProviderManagerConfigurer : Global AuthenticationManager configured with AuthenticationProvider bean with name daoAuthenticationProvider
2025-03-12T19:42:53.748+05:00  WARN [main] 21844 --- [recipe] [main] r$InitializeUserDetailsManagerConfigurer : Global AuthenticationManager configured with an AuthenticationProvider bean. UserDetailsService beans will not be used for username/password login. Consider removing the AuthenticationProvider bean. Alternatively, consider using the UserDetailsService in a manually instantiated DaoAuthenticationProvider.
2025-03-12T19:42:53.788+05:00  WARN [main] 21844 --- [recipe] [main] JpaBaseConfiguration$JpaWebConfiguration : spring.jpa.open-in-view is enabled by default. Therefore, database queries may be performed during view rendering. Explicitly configure spring.jpa.open-in-view to disable this warning
2025-03-12T19:42:56.957+05:00  INFO [main] 21844 --- [recipe] [main] com.college.receipt.RecipeCreationTest   : Started RecipeCreationTest in 13.332 seconds (process running for 14.832)
2025-03-12T19:42:57.473+05:00  INFO [main] 21844 --- [recipe] [main] c.c.r.controllers.RecipeController       : Началась обработка рецепта:Тестовый рецепт
2025-03-12T19:42:57.473+05:00  INFO [main] 21844 --- [recipe] [main] c.c.r.controllers.RecipeController       : Сохранён ингредиент Яйца количеством 3
2025-03-12T19:42:57.473+05:00  INFO [main] 21844 --- [recipe] [main] c.c.r.controllers.RecipeController       : Сохранён ингредиент Масло количеством 400
2025-03-12T19:42:57.473+05:00  INFO [main] 21844 --- [recipe] [main] c.c.r.controllers.RecipeController       : Фото блюда photoFood.jpg успешно сохранено
2025-03-12T19:42:57.473+05:00  INFO [main] 21844 --- [recipe] [main] c.c.r.controllers.RecipeController       : Получено photoFood: photoFood.jpg
2025-03-12T19:42:57.473+05:00  INFO [main] 21844 --- [recipe] [main] c.c.r.controllers.RecipeController       : Фото шага 1 успешно сохранено: stepPhoto1.jpg
2025-03-12T19:42:57.473+05:00  INFO [main] 21844 --- [recipe] [main] c.c.r.controllers.RecipeController       : Шаг 1 успешно сохранён: Нагреть сковороду
2025-03-12T19:42:57.473+05:00  INFO [main] 21844 --- [recipe] [main] c.c.r.controllers.RecipeController       : Фото шага 2 успешно сохранено: stepPhoto2.jpg
2025-03-12T19:42:57.473+05:00  INFO [main] 21844 --- [recipe] [main] c.c.r.controllers.RecipeController       : Шаг 2 успешно сохранён: Добавить масло
2025-03-12T19:42:57.473+05:00  INFO [main] 21844 --- [recipe] [main] c.c.r.controllers.RecipeController       : Рецепт Тестовый рецепт пользователя Anton@gmail.com успешно сохранён!
2025-03-12T19:42:57.536+05:00  INFO [SpringApplicationShutdownHook] 21844 --- [recipe] [SpringApplicationShutdownHook] j.LocalContainerEntityManagerFactoryBean : Closing JPA EntityManagerFactory for persistence unit 'default'
2025-03-12T19:42:57.558+05:00  INFO [SpringApplicationShutdownHook] 21844 --- [recipe] [SpringApplicationShutdownHook] com.zaxxer.hikari.HikariDataSource       : HikariPool-1 - Shutdown initiated...
2025-03-12T19:42:57.568+05:00  INFO [SpringApplicationShutdownHook] 21844 --- [recipe] [SpringApplicationShutdownHook] com.zaxxer.hikari.HikariDataSource       : HikariPool-1 - Shutdown completed.
2025-03-12T19:43:55.581+05:00  INFO [main] 20700 --- [recipe] [main] com.college.receipt.RecipeCreationTest   : Starting RecipeCreationTest using Java 23.0.1 with PID 20700 (started by Антон in C:\Users\Anton\Documents\GitHub\diplom\receipt\receipt)
2025-03-12T19:43:55.581+05:00  INFO [main] 20700 --- [recipe] [main] com.college.receipt.RecipeCreationTest   : No active profile set, falling back to 1 default profile: "default"
2025-03-12T19:43:57.213+05:00  INFO [main] 20700 --- [recipe] [main] .s.d.r.c.RepositoryConfigurationDelegate : Multiple Spring Data modules found, entering strict repository configuration mode
2025-03-12T19:43:57.213+05:00  INFO [main] 20700 --- [recipe] [main] .s.d.r.c.RepositoryConfigurationDelegate : Bootstrapping Spring Data JPA repositories in DEFAULT mode.
2025-03-12T19:43:57.386+05:00  INFO [main] 20700 --- [recipe] [main] .s.d.r.c.RepositoryConfigurationDelegate : Finished Spring Data repository scanning in 165 ms. Found 6 JPA repository interfaces.
2025-03-12T19:43:57.418+05:00  INFO [main] 20700 --- [recipe] [main] .s.d.r.c.RepositoryConfigurationDelegate : Multiple Spring Data modules found, entering strict repository configuration mode
2025-03-12T19:43:57.418+05:00  INFO [main] 20700 --- [recipe] [main] .s.d.r.c.RepositoryConfigurationDelegate : Bootstrapping Spring Data Redis repositories in DEFAULT mode.
2025-03-12T19:43:57.433+05:00  INFO [main] 20700 --- [recipe] [main] .RepositoryConfigurationExtensionSupport : Spring Data Redis - Could not safely identify store assignment for repository candidate interface com.college.receipt.repositories.IngredientRepository; If you want this repository to be a Redis repository, consider annotating your entities with one of these annotations: org.springframework.data.redis.core.RedisHash (preferred), or consider extending one of the following types with your repository: org.springframework.data.keyvalue.repository.KeyValueRepository
2025-03-12T19:43:57.433+05:00  INFO [main] 20700 --- [recipe] [main] .RepositoryConfigurationExtensionSupport : Spring Data Redis - Could not safely identify store assignment for repository candidate interface com.college.receipt.repositories.RecipeRepository; If you want this repository to be a Redis repository, consider annotating your entities with one of these annotations: org.springframework.data.redis.core.RedisHash (preferred), or consider extending one of the following types with your repository: org.springframework.data.keyvalue.repository.KeyValueRepository
2025-03-12T19:43:57.433+05:00  INFO [main] 20700 --- [recipe] [main] .RepositoryConfigurationExtensionSupport : Spring Data Redis - Could not safely identify store assignment for repository candidate interface com.college.receipt.repositories.RoleRepository; If you want this repository to be a Redis repository, consider annotating your entities with one of these annotations: org.springframework.data.redis.core.RedisHash (preferred), or consider extending one of the following types with your repository: org.springframework.data.keyvalue.repository.KeyValueRepository
2025-03-12T19:43:57.433+05:00  INFO [main] 20700 --- [recipe] [main] .RepositoryConfigurationExtensionSupport : Spring Data Redis - Could not safely identify store assignment for repository candidate interface com.college.receipt.repositories.StepRepository; If you want this repository to be a Redis repository, consider annotating your entities with one of these annotations: org.springframework.data.redis.core.RedisHash (preferred), or consider extending one of the following types with your repository: org.springframework.data.keyvalue.repository.KeyValueRepository
2025-03-12T19:43:57.433+05:00  INFO [main] 20700 --- [recipe] [main] .RepositoryConfigurationExtensionSupport : Spring Data Redis - Could not safely identify store assignment for repository candidate interface com.college.receipt.repositories.UploadedFileRepository; If you want this repository to be a Redis repository, consider annotating your entities with one of these annotations: org.springframework.data.redis.core.RedisHash (preferred), or consider extending one of the following types with your repository: org.springframework.data.keyvalue.repository.KeyValueRepository
2025-03-12T19:43:57.433+05:00  INFO [main] 20700 --- [recipe] [main] .RepositoryConfigurationExtensionSupport : Spring Data Redis - Could not safely identify store assignment for repository candidate interface com.college.receipt.repositories.UserRepository; If you want this repository to be a Redis repository, consider annotating your entities with one of these annotations: org.springframework.data.redis.core.RedisHash (preferred), or consider extending one of the following types with your repository: org.springframework.data.keyvalue.repository.KeyValueRepository
2025-03-12T19:43:57.449+05:00  INFO [main] 20700 --- [recipe] [main] .s.d.r.c.RepositoryConfigurationDelegate : Finished Spring Data repository scanning in 16 ms. Found 0 Redis repository interfaces.
2025-03-12T19:43:59.821+05:00  INFO [main] 20700 --- [recipe] [main] o.hibernate.jpa.internal.util.LogHelper  : HHH000204: Processing PersistenceUnitInfo [name: default]
2025-03-12T19:43:59.883+05:00  INFO [main] 20700 --- [recipe] [main] org.hibernate.Version                    : HHH000412: Hibernate ORM core version 6.5.3.Final
2025-03-12T19:43:59.945+05:00  INFO [main] 20700 --- [recipe] [main] o.h.c.internal.RegionFactoryInitiator    : HHH000026: Second-level cache disabled
2025-03-12T19:44:00.093+05:00  INFO [main] 20700 --- [recipe] [main] o.s.o.j.p.SpringPersistenceUnitInfo      : No LoadTimeWeaver setup: ignoring JPA class transformer
2025-03-12T19:44:00.119+05:00  INFO [main] 20700 --- [recipe] [main] com.zaxxer.hikari.HikariDataSource       : HikariPool-1 - Starting...
2025-03-12T19:44:00.359+05:00  INFO [main] 20700 --- [recipe] [main] com.zaxxer.hikari.pool.HikariPool        : HikariPool-1 - Added connection org.postgresql.jdbc.PgConnection@72a0a60d
2025-03-12T19:44:00.362+05:00  INFO [main] 20700 --- [recipe] [main] com.zaxxer.hikari.HikariDataSource       : HikariPool-1 - Start completed.
2025-03-12T19:44:00.389+05:00  WARN [main] 20700 --- [recipe] [main] org.hibernate.orm.deprecation            : HHH90000025: PostgreSQLDialect does not need to be specified explicitly using 'hibernate.dialect' (remove the property setting and it will be selected by default)
2025-03-12T19:44:01.653+05:00  INFO [main] 20700 --- [recipe] [main] o.h.e.t.j.p.i.JtaPlatformInitiator       : HHH000489: No JTA platform available (set 'hibernate.transaction.jta.platform' to enable JTA platform integration)
2025-03-12T19:44:01.810+05:00  INFO [main] 20700 --- [recipe] [main] j.LocalContainerEntityManagerFactoryBean : Initialized JPA EntityManagerFactory for persistence unit 'default'
2025-03-12T19:44:02.411+05:00  WARN [main] 20700 --- [recipe] [main] o.s.w.c.s.GenericWebApplicationContext   : Exception encountered during context initialization - cancelling refresh attempt: org.springframework.beans.factory.UnsatisfiedDependencyException: Error creating bean with name 'recipeController' defined in file [C:\Users\Anton\Documents\GitHub\diplom\receipt\receipt\target\classes\com\college\receipt\controllers\RecipeController.class]: Unsatisfied dependency expressed through constructor parameter 1: Error creating bean with name 'uploadedFileService': Unsatisfied dependency expressed through field 'recipeService': Error creating bean with name 'recipeService' defined in file [C:\Users\Anton\Documents\GitHub\diplom\receipt\receipt\target\classes\com\college\receipt\service\RecipeService.class]: Unsatisfied dependency expressed through constructor parameter 1: Error creating bean with name 'uploadedFileService': Requested bean is currently in creation: Is there an unresolvable circular reference?
2025-03-12T19:44:02.411+05:00  INFO [main] 20700 --- [recipe] [main] j.LocalContainerEntityManagerFactoryBean : Closing JPA EntityManagerFactory for persistence unit 'default'
2025-03-12T19:44:02.427+05:00  INFO [main] 20700 --- [recipe] [main] com.zaxxer.hikari.HikariDataSource       : HikariPool-1 - Shutdown initiated...
2025-03-12T19:44:02.427+05:00  INFO [main] 20700 --- [recipe] [main] com.zaxxer.hikari.HikariDataSource       : HikariPool-1 - Shutdown completed.
2025-03-12T19:44:02.443+05:00  INFO [main] 20700 --- [recipe] [main] .s.b.a.l.ConditionEvaluationReportLogger : 

Error starting ApplicationContext. To display the condition evaluation report re-run your application with 'debug' enabled.
2025-03-12T19:44:02.523+05:00 ERROR [main] 20700 --- [recipe] [main] o.s.b.d.LoggingFailureAnalysisReporter   : 

***************************
APPLICATION FAILED TO START
***************************

Description:

The dependencies of some of the beans in the application context form a cycle:

   recipeController defined in file [C:\Users\Anton\Documents\GitHub\diplom\receipt\receipt\target\classes\com\college\receipt\controllers\RecipeController.class]
┌─────┐
|  uploadedFileService (field private com.college.receipt.service.RecipeService com.college.receipt.service.UploadedFileService.recipeService)
↑     ↓
|  recipeService defined in file [C:\Users\Anton\Documents\GitHub\diplom\receipt\receipt\target\classes\com\college\receipt\service\RecipeService.class]
└─────┘


Action:

Relying upon circular references is discouraged and they are prohibited by default. Update your application to remove the dependency cycle between beans. As a last resort, it may be possible to break the cycle automatically by setting spring.main.allow-circular-references to true.

2025-03-12T19:44:02.539+05:00  WARN [main] 20700 --- [recipe] [main] o.s.test.context.TestContextManager      : Caught exception while allowing TestExecutionListener [org.springframework.test.context.web.ServletTestExecutionListener] to prepare test instance [com.college.receipt.RecipeCreationTest@adb15df]
java.lang.IllegalStateException: Failed to load ApplicationContext for [WebMergedContextConfiguration@1b3b5252 testClass = com.college.receipt.RecipeCreationTest, locations = [], classes = [com.college.receipt.ReceiptApplication], contextInitializerClasses = [], activeProfiles = [], propertySourceDescriptors = [], propertySourceProperties = ["org.springframework.boot.test.context.SpringBootTestContextBootstrapper=true"], contextCustomizers = [org.springframework.boot.test.context.filter.ExcludeFilterContextCustomizer@3ad83a66, org.springframework.boot.test.json.DuplicateJsonObjectContextCustomizerFactory$DuplicateJsonObjectContextCustomizer@5b38c1ec, org.springframework.boot.test.mock.mockito.MockitoContextCustomizer@dc4f0e74, org.springframework.boot.test.web.client.TestRestTemplateContextCustomizer@3932c79a, org.springframework.boot.test.web.reactor.netty.DisableReactorResourceFactoryGlobalResourcesContextCustomizerFactory$DisableReactorResourceFactoryGlobalResourcesContextCustomizerCustomizer@28cda624, org.springframework.boot.test.autoconfigure.actuate.observability.ObservabilityContextCustomizerFactory$DisableObservabilityContextCustomizer@1f, org.springframework.boot.test.autoconfigure.properties.PropertyMappingContextCustomizer@0, org.springframework.boot.test.autoconfigure.web.servlet.WebDriverContextCustomizer@798162bc, org.springframework.boot.test.context.SpringBootTestAnnotation@72353731], resourceBasePath = "src/main/webapp", contextLoader = org.springframework.boot.test.context.SpringBootContextLoader, parent = null]
	at org.springframework.test.context.cache.DefaultCacheAwareContextLoaderDelegate.loadContext(DefaultCacheAwareContextLoaderDelegate.java:180)
Caused by: org.springframework.beans.factory.UnsatisfiedDependencyException: Error creating bean with name 'recipeController' defined in file [C:\Users\Anton\Documents\GitHub\diplom\receipt\receipt\target\classes\com\college\receipt\controllers\RecipeController.class]: Unsatisfied dependency expressed through constructor parameter 1: Error creating bean with name 'uploadedFileService': Unsatisfied dependency expressed through field 'recipeService': Error creating bean with name 'recipeService' defined in file [C:\Users\Anton\Documents\GitHub\diplom\receipt\receipt\target\classes\com\college\receipt\service\RecipeService.class]: Unsatisfied dependency expressed through constructor parameter 1: Error creating bean with name 'uploadedFileService': Requested bean is currently in creation: Is there an unresolvable circular reference?
	at org.springframework.beans.factory.support.ConstructorResolver.createArgumentArray(ConstructorResolver.java:795)
Caused by: org.springframework.beans.factory.UnsatisfiedDependencyException: Error creating bean with name 'uploadedFileService': Unsatisfied dependency expressed through field 'recipeService': Error creating bean with name 'recipeService' defined in file [C:\Users\Anton\Documents\GitHub\diplom\receipt\receipt\target\classes\com\college\receipt\service\RecipeService.class]: Unsatisfied dependency expressed through constructor parameter 1: Error creating bean with name 'uploadedFileService': Requested bean is currently in creation: Is there an unresolvable circular reference?
	at org.springframework.beans.factory.annotation.AutowiredAnnotationBeanPostProcessor$AutowiredFieldElement.resolveFieldValue(AutowiredAnnotationBeanPostProcessor.java:788)
Caused by: org.springframework.beans.factory.UnsatisfiedDependencyException: Error creating bean with name 'recipeService' defined in file [C:\Users\Anton\Documents\GitHub\diplom\receipt\receipt\target\classes\com\college\receipt\service\RecipeService.class]: Unsatisfied dependency expressed through constructor parameter 1: Error creating bean with name 'uploadedFileService': Requested bean is currently in creation: Is there an unresolvable circular reference?
	at org.springframework.beans.factory.support.ConstructorResolver.createArgumentArray(ConstructorResolver.java:795)
Caused by: org.springframework.beans.factory.BeanCurrentlyInCreationException: Error creating bean with name 'uploadedFileService': Requested bean is currently in creation: Is there an unresolvable circular reference?
	at org.springframework.beans.factory.support.DefaultSingletonBeanRegistry.beforeSingletonCreation(DefaultSingletonBeanRegistry.java:355)
2025-03-12T19:44:02.602+05:00  WARN [main] 20700 --- [recipe] [main] o.s.test.context.TestContextManager      : Caught exception while allowing TestExecutionListener [org.springframework.test.context.web.ServletTestExecutionListener] to prepare test instance [com.college.receipt.RecipeCreationTest@2e674698]
java.lang.IllegalStateException: ApplicationContext failure threshold (1) exceeded: skipping repeated attempt to load context for [WebMergedContextConfiguration@1b3b5252 testClass = com.college.receipt.RecipeCreationTest, locations = [], classes = [com.college.receipt.ReceiptApplication], contextInitializerClasses = [], activeProfiles = [], propertySourceDescriptors = [], propertySourceProperties = ["org.springframework.boot.test.context.SpringBootTestContextBootstrapper=true"], contextCustomizers = [org.springframework.boot.test.context.filter.ExcludeFilterContextCustomizer@3ad83a66, org.springframework.boot.test.json.DuplicateJsonObjectContextCustomizerFactory$DuplicateJsonObjectContextCustomizer@5b38c1ec, org.springframework.boot.test.mock.mockito.MockitoContextCustomizer@dc4f0e74, org.springframework.boot.test.web.client.TestRestTemplateContextCustomizer@3932c79a, org.springframework.boot.test.web.reactor.netty.DisableReactorResourceFactoryGlobalResourcesContextCustomizerFactory$DisableReactorResourceFactoryGlobalResourcesContextCustomizerCustomizer@28cda624, org.springframework.boot.test.autoconfigure.actuate.observability.ObservabilityContextCustomizerFactory$DisableObservabilityContextCustomizer@1f, org.springframework.boot.test.autoconfigure.properties.PropertyMappingContextCustomizer@0, org.springframework.boot.test.autoconfigure.web.servlet.WebDriverContextCustomizer@798162bc, org.springframework.boot.test.context.SpringBootTestAnnotation@72353731], resourceBasePath = "src/main/webapp", contextLoader = org.springframework.boot.test.context.SpringBootContextLoader, parent = null]
	at org.springframework.test.context.cache.DefaultCacheAwareContextLoaderDelegate.loadContext(DefaultCacheAwareContextLoaderDelegate.java:145)
2025-03-12T19:44:02.602+05:00  WARN [main] 20700 --- [recipe] [main] o.s.test.context.TestContextManager      : Caught exception while allowing TestExecutionListener [org.springframework.test.context.web.ServletTestExecutionListener] to prepare test instance [com.college.receipt.RecipeCreationTest@6d224921]
java.lang.IllegalStateException: ApplicationContext failure threshold (1) exceeded: skipping repeated attempt to load context for [WebMergedContextConfiguration@1b3b5252 testClass = com.college.receipt.RecipeCreationTest, locations = [], classes = [com.college.receipt.ReceiptApplication], contextInitializerClasses = [], activeProfiles = [], propertySourceDescriptors = [], propertySourceProperties = ["org.springframework.boot.test.context.SpringBootTestContextBootstrapper=true"], contextCustomizers = [org.springframework.boot.test.context.filter.ExcludeFilterContextCustomizer@3ad83a66, org.springframework.boot.test.json.DuplicateJsonObjectContextCustomizerFactory$DuplicateJsonObjectContextCustomizer@5b38c1ec, org.springframework.boot.test.mock.mockito.MockitoContextCustomizer@dc4f0e74, org.springframework.boot.test.web.client.TestRestTemplateContextCustomizer@3932c79a, org.springframework.boot.test.web.reactor.netty.DisableReactorResourceFactoryGlobalResourcesContextCustomizerFactory$DisableReactorResourceFactoryGlobalResourcesContextCustomizerCustomizer@28cda624, org.springframework.boot.test.autoconfigure.actuate.observability.ObservabilityContextCustomizerFactory$DisableObservabilityContextCustomizer@1f, org.springframework.boot.test.autoconfigure.properties.PropertyMappingContextCustomizer@0, org.springframework.boot.test.autoconfigure.web.servlet.WebDriverContextCustomizer@798162bc, org.springframework.boot.test.context.SpringBootTestAnnotation@72353731], resourceBasePath = "src/main/webapp", contextLoader = org.springframework.boot.test.context.SpringBootContextLoader, parent = null]
	at org.springframework.test.context.cache.DefaultCacheAwareContextLoaderDelegate.loadContext(DefaultCacheAwareContextLoaderDelegate.java:145)
