2025-03-07T17:18:14.930+05:00  WARN [HikariPool-1 housekeeper] 18524 --- [recipe] [HikariPool-1 housekeeper] com.zaxxer.hikari.pool.HikariPool        : HikariPool-1 - Thread starvation or clock leap detected (housekeeper delta=18h47m54s91ms141µs600ns).
2025-03-07T17:23:17.067+05:00  INFO [SpringApplicationShutdownHook] 18524 --- [recipe] [SpringApplicationShutdownHook] j.LocalContainerEntityManagerFactoryBean : Closing JPA EntityManagerFactory for persistence unit 'default'
2025-03-07T17:23:17.070+05:00  INFO [SpringApplicationShutdownHook] 18524 --- [recipe] [SpringApplicationShutdownHook] com.zaxxer.hikari.HikariDataSource       : HikariPool-1 - Shutdown initiated...
2025-03-07T17:23:17.083+05:00  INFO [SpringApplicationShutdownHook] 18524 --- [recipe] [SpringApplicationShutdownHook] com.zaxxer.hikari.HikariDataSource       : HikariPool-1 - Shutdown completed.
2025-03-07T17:23:23.179+05:00  INFO [restartedMain] 30132 --- [recipe] [restartedMain] com.college.receipt.ReceiptApplication   : Starting ReceiptApplication using Java 23.0.1 with PID 30132 (C:\Users\Anton\Documents\GitHub\diplom\receipt\receipt\target\classes started by Антон in C:\Users\Anton\Documents\GitHub\diplom\receipt)
2025-03-07T17:23:23.188+05:00  INFO [restartedMain] 30132 --- [recipe] [restartedMain] com.college.receipt.ReceiptApplication   : No active profile set, falling back to 1 default profile: "default"
2025-03-07T17:23:23.297+05:00  INFO [restartedMain] 30132 --- [recipe] [restartedMain] .e.DevToolsPropertyDefaultsPostProcessor : Devtools property defaults active! Set 'spring.devtools.add-properties' to 'false' to disable
2025-03-07T17:23:23.297+05:00  INFO [restartedMain] 30132 --- [recipe] [restartedMain] .e.DevToolsPropertyDefaultsPostProcessor : For additional web related logging consider setting the 'logging.level.web' property to 'DEBUG'
2025-03-07T17:23:24.427+05:00  INFO [restartedMain] 30132 --- [recipe] [restartedMain] .s.d.r.c.RepositoryConfigurationDelegate : Multiple Spring Data modules found, entering strict repository configuration mode
2025-03-07T17:23:24.427+05:00  INFO [restartedMain] 30132 --- [recipe] [restartedMain] .s.d.r.c.RepositoryConfigurationDelegate : Bootstrapping Spring Data JPA repositories in DEFAULT mode.
2025-03-07T17:23:24.584+05:00  INFO [restartedMain] 30132 --- [recipe] [restartedMain] .s.d.r.c.RepositoryConfigurationDelegate : Finished Spring Data repository scanning in 146 ms. Found 6 JPA repository interfaces.
2025-03-07T17:23:24.607+05:00  INFO [restartedMain] 30132 --- [recipe] [restartedMain] .s.d.r.c.RepositoryConfigurationDelegate : Multiple Spring Data modules found, entering strict repository configuration mode
2025-03-07T17:23:24.609+05:00  INFO [restartedMain] 30132 --- [recipe] [restartedMain] .s.d.r.c.RepositoryConfigurationDelegate : Bootstrapping Spring Data Redis repositories in DEFAULT mode.
2025-03-07T17:23:24.619+05:00  INFO [restartedMain] 30132 --- [recipe] [restartedMain] .RepositoryConfigurationExtensionSupport : Spring Data Redis - Could not safely identify store assignment for repository candidate interface com.college.receipt.repositories.IngredientRepository; If you want this repository to be a Redis repository, consider annotating your entities with one of these annotations: org.springframework.data.redis.core.RedisHash (preferred), or consider extending one of the following types with your repository: org.springframework.data.keyvalue.repository.KeyValueRepository
2025-03-07T17:23:24.619+05:00  INFO [restartedMain] 30132 --- [recipe] [restartedMain] .RepositoryConfigurationExtensionSupport : Spring Data Redis - Could not safely identify store assignment for repository candidate interface com.college.receipt.repositories.RecipeRepository; If you want this repository to be a Redis repository, consider annotating your entities with one of these annotations: org.springframework.data.redis.core.RedisHash (preferred), or consider extending one of the following types with your repository: org.springframework.data.keyvalue.repository.KeyValueRepository
2025-03-07T17:23:24.619+05:00  INFO [restartedMain] 30132 --- [recipe] [restartedMain] .RepositoryConfigurationExtensionSupport : Spring Data Redis - Could not safely identify store assignment for repository candidate interface com.college.receipt.repositories.RoleRepository; If you want this repository to be a Redis repository, consider annotating your entities with one of these annotations: org.springframework.data.redis.core.RedisHash (preferred), or consider extending one of the following types with your repository: org.springframework.data.keyvalue.repository.KeyValueRepository
2025-03-07T17:23:24.619+05:00  INFO [restartedMain] 30132 --- [recipe] [restartedMain] .RepositoryConfigurationExtensionSupport : Spring Data Redis - Could not safely identify store assignment for repository candidate interface com.college.receipt.repositories.StepRepository; If you want this repository to be a Redis repository, consider annotating your entities with one of these annotations: org.springframework.data.redis.core.RedisHash (preferred), or consider extending one of the following types with your repository: org.springframework.data.keyvalue.repository.KeyValueRepository
2025-03-07T17:23:24.619+05:00  INFO [restartedMain] 30132 --- [recipe] [restartedMain] .RepositoryConfigurationExtensionSupport : Spring Data Redis - Could not safely identify store assignment for repository candidate interface com.college.receipt.repositories.UploadedFileRepository; If you want this repository to be a Redis repository, consider annotating your entities with one of these annotations: org.springframework.data.redis.core.RedisHash (preferred), or consider extending one of the following types with your repository: org.springframework.data.keyvalue.repository.KeyValueRepository
2025-03-07T17:23:24.619+05:00  INFO [restartedMain] 30132 --- [recipe] [restartedMain] .RepositoryConfigurationExtensionSupport : Spring Data Redis - Could not safely identify store assignment for repository candidate interface com.college.receipt.repositories.UserRepository; If you want this repository to be a Redis repository, consider annotating your entities with one of these annotations: org.springframework.data.redis.core.RedisHash (preferred), or consider extending one of the following types with your repository: org.springframework.data.keyvalue.repository.KeyValueRepository
2025-03-07T17:23:24.619+05:00  INFO [restartedMain] 30132 --- [recipe] [restartedMain] .s.d.r.c.RepositoryConfigurationDelegate : Finished Spring Data repository scanning in 8 ms. Found 0 Redis repository interfaces.
2025-03-07T17:23:25.632+05:00  INFO [restartedMain] 30132 --- [recipe] [restartedMain] o.s.b.w.embedded.tomcat.TomcatWebServer  : Tomcat initialized with port 8081 (http)
2025-03-07T17:23:25.667+05:00  INFO [restartedMain] 30132 --- [recipe] [restartedMain] o.apache.catalina.core.StandardService   : Starting service [Tomcat]
2025-03-07T17:23:25.667+05:00  INFO [restartedMain] 30132 --- [recipe] [restartedMain] o.apache.catalina.core.StandardEngine    : Starting Servlet engine: [Apache Tomcat/10.1.30]
2025-03-07T17:23:25.712+05:00  INFO [restartedMain] 30132 --- [recipe] [restartedMain] o.a.c.c.C.[Tomcat].[localhost].[/]       : Initializing Spring embedded WebApplicationContext
2025-03-07T17:23:25.712+05:00  INFO [restartedMain] 30132 --- [recipe] [restartedMain] w.s.c.ServletWebServerApplicationContext : Root WebApplicationContext: initialization completed in 2415 ms
2025-03-07T17:23:26.056+05:00  INFO [restartedMain] 30132 --- [recipe] [restartedMain] o.hibernate.jpa.internal.util.LogHelper  : HHH000204: Processing PersistenceUnitInfo [name: default]
2025-03-07T17:23:26.113+05:00  INFO [restartedMain] 30132 --- [recipe] [restartedMain] org.hibernate.Version                    : HHH000412: Hibernate ORM core version 6.5.3.Final
2025-03-07T17:23:26.144+05:00  INFO [restartedMain] 30132 --- [recipe] [restartedMain] o.h.c.internal.RegionFactoryInitiator    : HHH000026: Second-level cache disabled
2025-03-07T17:23:26.587+05:00  INFO [restartedMain] 30132 --- [recipe] [restartedMain] o.s.o.j.p.SpringPersistenceUnitInfo      : No LoadTimeWeaver setup: ignoring JPA class transformer
2025-03-07T17:23:26.620+05:00  INFO [restartedMain] 30132 --- [recipe] [restartedMain] com.zaxxer.hikari.HikariDataSource       : HikariPool-1 - Starting...
2025-03-07T17:23:26.795+05:00  INFO [restartedMain] 30132 --- [recipe] [restartedMain] com.zaxxer.hikari.pool.HikariPool        : HikariPool-1 - Added connection org.postgresql.jdbc.PgConnection@23cf929d
2025-03-07T17:23:26.795+05:00  INFO [restartedMain] 30132 --- [recipe] [restartedMain] com.zaxxer.hikari.HikariDataSource       : HikariPool-1 - Start completed.
2025-03-07T17:23:26.835+05:00  WARN [restartedMain] 30132 --- [recipe] [restartedMain] org.hibernate.orm.deprecation            : HHH90000025: PostgreSQLDialect does not need to be specified explicitly using 'hibernate.dialect' (remove the property setting and it will be selected by default)
2025-03-07T17:23:28.061+05:00  INFO [restartedMain] 30132 --- [recipe] [restartedMain] o.h.e.t.j.p.i.JtaPlatformInitiator       : HHH000489: No JTA platform available (set 'hibernate.transaction.jta.platform' to enable JTA platform integration)
2025-03-07T17:23:28.230+05:00  INFO [restartedMain] 30132 --- [recipe] [restartedMain] j.LocalContainerEntityManagerFactoryBean : Initialized JPA EntityManagerFactory for persistence unit 'default'
2025-03-07T17:23:28.706+05:00  INFO [restartedMain] 30132 --- [recipe] [restartedMain] o.s.d.j.r.query.QueryEnhancerFactory     : Hibernate is in classpath; If applicable, HQL parser will be used.
2025-03-07T17:23:28.900+05:00  INFO [restartedMain] 30132 --- [recipe] [restartedMain] eAuthenticationProviderManagerConfigurer : Global AuthenticationManager configured with AuthenticationProvider bean with name daoAuthenticationProvider
2025-03-07T17:23:28.900+05:00  WARN [restartedMain] 30132 --- [recipe] [restartedMain] r$InitializeUserDetailsManagerConfigurer : Global AuthenticationManager configured with an AuthenticationProvider bean. UserDetailsService beans will not be used for username/password login. Consider removing the AuthenticationProvider bean. Alternatively, consider using the UserDetailsService in a manually instantiated DaoAuthenticationProvider.
2025-03-07T17:23:28.935+05:00  WARN [restartedMain] 30132 --- [recipe] [restartedMain] JpaBaseConfiguration$JpaWebConfiguration : spring.jpa.open-in-view is enabled by default. Therefore, database queries may be performed during view rendering. Explicitly configure spring.jpa.open-in-view to disable this warning
2025-03-07T17:23:30.169+05:00  INFO [restartedMain] 30132 --- [recipe] [restartedMain] o.s.b.d.a.OptionalLiveReloadServer       : LiveReload server is running on port 35729
2025-03-07T17:23:30.217+05:00  INFO [restartedMain] 30132 --- [recipe] [restartedMain] o.s.b.w.embedded.tomcat.TomcatWebServer  : Tomcat started on port 8081 (http) with context path '/'
2025-03-07T17:23:30.227+05:00  INFO [restartedMain] 30132 --- [recipe] [restartedMain] com.college.receipt.ReceiptApplication   : Started ReceiptApplication in 7.788 seconds (process running for 8.395)
2025-03-07T17:23:30.232+05:00  INFO [restartedMain] 30132 --- [recipe] [restartedMain] c.c.r.controllers.RecipeController       : === Приложение ReceiptApplication успешно запущено ===
